mode: set
github.com/serdyanuk/cicd-jenkins/cmd/main.go:10.13,13.74 2 0
github.com/serdyanuk/cicd-jenkins/cmd/main.go:13.74,15.14 2 0
github.com/serdyanuk/cicd-jenkins/cmd/main.go:15.14,17.4 1 0
github.com/serdyanuk/cicd-jenkins/cmd/main.go:19.3,20.42 2 0
github.com/serdyanuk/cicd-jenkins/cmd/main.go:20.42,22.4 1 0
github.com/serdyanuk/cicd-jenkins/cmd/main.go:24.3,24.24 1 0
github.com/serdyanuk/cicd-jenkins/cmd/main.go:24.24,26.4 1 0
github.com/serdyanuk/cicd-jenkins/cmd/main.go:28.2,28.35 1 0
github.com/serdyanuk/cicd-jenkins/internal/repo/inmemory/search_history.go:12.48,16.2 1 1
github.com/serdyanuk/cicd-jenkins/internal/repo/inmemory/search_history.go:18.45,22.2 3 1
github.com/serdyanuk/cicd-jenkins/internal/repo/inmemory/search_history.go:24.45,30.2 5 1
