<?xml version="1.0" encoding="UTF-8"?>
<!DOCTYPE coverage SYSTEM "http://cobertura.sourceforge.net/xml/coverage-04.dtd">
<coverage line-rate="0.5151515" branch-rate="0" version="" timestamp="1754661688455" lines-covered="17" lines-valid="33" branches-covered="0" branches-valid="0" complexity="0">
  <sources>
    <source>/Users/serdyanuk/coding/cicd-jenkins</source>
  </sources>
  <packages>
    <package name="github.com/serdyanuk/cicd-jenkins/cmd" line-rate="0" branch-rate="0" complexity="0">
      <classes>
        <class name="-" filename="cmd/main.go" line-rate="0" branch-rate="0" complexity="0">
          <methods>
            <method name="main" signature="" line-rate="0" branch-rate="0" complexity="0">
              <lines>
                <line number="10" hits="0"></line>
                <line number="11" hits="0"></line>
                <line number="12" hits="0"></line>
                <line number="13" hits="0"></line>
                <line number="14" hits="0"></line>
                <line number="15" hits="0"></line>
                <line number="16" hits="0"></line>
                <line number="17" hits="0"></line>
                <line number="19" hits="0"></line>
                <line number="20" hits="0"></line>
                <line number="21" hits="0"></line>
                <line number="22" hits="0"></line>
                <line number="24" hits="0"></line>
                <line number="25" hits="0"></line>
                <line number="26" hits="0"></line>
                <line number="28" hits="0"></line>
              </lines>
            </method>
          </methods>
          <lines>
            <line number="10" hits="0"></line>
            <line number="11" hits="0"></line>
            <line number="12" hits="0"></line>
            <line number="13" hits="0"></line>
            <line number="14" hits="0"></line>
            <line number="15" hits="0"></line>
            <line number="16" hits="0"></line>
            <line number="17" hits="0"></line>
            <line number="19" hits="0"></line>
            <line number="20" hits="0"></line>
            <line number="21" hits="0"></line>
            <line number="22" hits="0"></line>
            <line number="24" hits="0"></line>
            <line number="25" hits="0"></line>
            <line number="26" hits="0"></line>
            <line number="28" hits="0"></line>
          </lines>
        </class>
      </classes>
    </package>
    <package name="github.com/serdyanuk/cicd-jenkins/internal/repo/inmemory" line-rate="1" branch-rate="0" complexity="0">
      <classes>
        <class name="-" filename="internal/repo/inmemory/search_history.go" line-rate="1" branch-rate="0" complexity="0">
          <methods>
            <method name="NewSearchHistoryRepo" signature="" line-rate="1" branch-rate="0" complexity="0">
              <lines>
                <line number="12" hits="1"></line>
                <line number="13" hits="1"></line>
                <line number="14" hits="1"></line>
                <line number="15" hits="1"></line>
                <line number="16" hits="1"></line>
              </lines>
            </method>
          </methods>
          <lines>
            <line number="12" hits="1"></line>
            <line number="13" hits="1"></line>
            <line number="14" hits="1"></line>
            <line number="15" hits="1"></line>
            <line number="16" hits="1"></line>
          </lines>
        </class>
        <class name="SearchHistoryRepo" filename="internal/repo/inmemory/search_history.go" line-rate="1" branch-rate="0" complexity="0">
          <methods>
            <method name="Add" signature="" line-rate="1" branch-rate="0" complexity="0">
              <lines>
                <line number="18" hits="1"></line>
                <line number="19" hits="1"></line>
                <line number="20" hits="1"></line>
                <line number="21" hits="1"></line>
                <line number="22" hits="1"></line>
              </lines>
            </method>
            <method name="List" signature="" line-rate="1" branch-rate="0" complexity="0">
              <lines>
                <line number="24" hits="1"></line>
                <line number="25" hits="1"></line>
                <line number="26" hits="1"></line>
                <line number="27" hits="1"></line>
                <line number="28" hits="1"></line>
                <line number="29" hits="1"></line>
                <line number="30" hits="1"></line>
              </lines>
            </method>
          </methods>
          <lines>
            <line number="18" hits="1"></line>
            <line number="19" hits="1"></line>
            <line number="20" hits="1"></line>
            <line number="21" hits="1"></line>
            <line number="22" hits="1"></line>
            <line number="24" hits="1"></line>
            <line number="25" hits="1"></line>
            <line number="26" hits="1"></line>
            <line number="27" hits="1"></line>
            <line number="28" hits="1"></line>
            <line number="29" hits="1"></line>
            <line number="30" hits="1"></line>
          </lines>
        </class>
      </classes>
    </package>
  </packages>
</coverage>
